

 ==================================================================== 
   	  Ten Berge Model. (Version: 1.0; Date: 12/26/2006) 
  	  Input Data File: ClF5many.(d)  
  	  Gnuplot Plotting File:  ClF5many.plt
 							Mon Mar 26 03:21:36 2007
 ==================================================================== 

 Dose-Response Analysis

 Method of Maximum Likelihood according to: 					
 D.J. Finney, 1977. Probit Analysis. Cambridge University Press. 
~~~~~~~~~~~~~~~~~~~~~~~~~~~~~~~~~~~~~~~~~~~~~~~~~~~~~~~~~~~~~~~~~~~~~
 

   Number of variables = 3
   Total number of observations = 68
   Total number of records with missing values = 0



Conc mg/m3	Minutes	BW grams	Exposed      Dead

    952.00     15.00    200.00          10.           1.
   1278.00     15.00    200.00          10.           4.
   1403.00     15.00    200.00          10.           6.
   1631.00     15.00    200.00          10.           7.
   1767.00     15.00    200.00          10.           9.

   2028.00     15.00    200.00          10.           6.
   2349.00     15.00    200.00          10.           9.
    653.00     30.00    200.00          10.           0.
    886.00     30.00    200.00          10.           0.
   1006.00     30.00    200.00          10.           3.

   1033.00     30.00    200.00          10.           6.
   1267.00     30.00    200.00          10.           9.
   1359.00     30.00    200.00          10.          10.
    435.00     60.00    200.00          10.           0.
    544.00     60.00    200.00          10.           1.

    653.00     60.00    200.00          10.           4.
    740.00     60.00    200.00          10.           8.
    544.00     15.00     23.00          10.           2.
    707.00     15.00     23.00          10.           4.
    903.00     15.00     23.00          10.           7.

    946.00     15.00     23.00          10.           7.
   1060.00     15.00     23.00          10.           6.
   1153.00     15.00     23.00          10.           9.
   1256.00     15.00     23.00          10.           8.
   1658.00     15.00     23.00          10.           9.

   1958.00     15.00     23.00          15.          15.
    381.00     30.00     23.00          10.           2.
    489.00     30.00     23.00          10.           3.
    636.00     30.00     23.00          10.           6.
    653.00     30.00     23.00          10.           5.

    761.00     30.00     23.00          10.           8.
    788.00     30.00     23.00          10.           8.
    903.00     30.00     23.00          10.           9.
    952.00     30.00     23.00          10.          10.
    190.00     60.00     23.00          10.           1.

    256.00     60.00     23.00          10.           2.
    337.00     60.00     23.00          10.           5.
    408.00     60.00     23.00          10.           9.
    914.00     15.00  10000.00           4.           0.
   1098.00     15.00  10000.00           4.           1.

   1631.00     15.00  10000.00           4.           2.
   1958.00     15.00  10000.00           4.           2.
   2409.00     15.00  10000.00           4.           4.
    555.00     30.00  10000.00           4.           1.
    816.00     30.00  10000.00           4.           2.

   1033.00     30.00  10000.00           4.           2.
   1213.00     30.00  10000.00           4.           3.
   1370.00     30.00  10000.00           4.           3.
   1490.00     30.00  10000.00           4.           4.
    343.00     60.00  10000.00           4.           0.

    598.00     60.00  10000.00           4.           1.
    696.00     60.00  10000.00           4.           2.
    778.00     60.00  10000.00           4.           4.
    924.00     60.00  10000.00           4.           4.
    897.00     15.00   3700.00           4.           0.

   1049.00     15.00   3700.00           4.           1.
   1223.00     15.00   3700.00           4.           3.
   1822.00     15.00   3700.00           4.           3.
   2148.00     15.00   3700.00           4.           3.
   1077.00     30.00   3700.00           4.           0.

   1185.00     30.00   3700.00           4.           2.
   1283.00     30.00   3700.00           4.           4.
    631.00     60.00   3700.00           4.           0.
    663.00     60.00   3700.00           4.           1.
    761.00     60.00   3700.00           4.           1.

   1028.00     60.00   3700.00           4.           2.
   1169.00     60.00   3700.00           4.           2.
   1213.00     60.00   3700.00           4.           4.

   Selection of trials from number  1 through  68

   Transformation of variables
   Conc mg/m3 	    is transformed logaritmically!
   Minutes 	    is transformed logaritmically!
   BW grams 	    is transformed logaritmically!

   Probit model used without background response correction!

   Variable  1  =  Conc mg/m3
   Variable  2  =  Minutes
   Variable  3  =  BW grams
   Variable  4  =  combination of Conc mg/m3 and Minutes


   Chi-Square          =  238.67
   Degrees of Freedom  =     63

   B 0 = -5.608e+000	   Student t  for B 0 = -0.41
   B 1 = 8.684e-002	   Student t  for B 1 = 0.05
   B 2 = -6.307e+000	   Student t  for B 2 = -1.51
   B 3 = -2.282e-001	   Student t  for B 3 = -3.81
   B 4 = 1.340e+000	   Student t  for B 4 = 2.24

     variance  B 0 0 = 1.917e+002
   covariance  B 0 1 = -2.639e+001
   covariance  B 0 2 = -5.579e+001
   covariance  B 0 3 = 9.306e-002
   covariance  B 0 4 = 7.702e+000
     variance  B 1 1 = 3.664e+000
   covariance  B 1 2 = 7.852e+000
   covariance  B 1 3 = -8.104e-003
   covariance  B 1 4 = -1.095e+000
     variance  B 2 2 = 1.755e+001
   covariance  B 2 3 = 6.029e-003
   covariance  B 2 4 = -2.488e+000
     variance  B 3 3 = 3.587e-003
   covariance  B 3 4 = -3.235e-003
     variance  B 4 4 = 3.566e-001


   Student t = 0.950000

   Estimation of Conc mg/m3
   response	 =  95.000000  percent
   Minutes	 = 20.000000
   BW grams	 = 200.000000
   Estimated Conc mg/m3  95.000000 percent = 0.000e+000
   Lower limit Conc mg/m3  95.000000 percent  = 0.000e+000
   Upper limit Conc mg/m3  95.000000 percent  = 0.000e+000


   Student t = 0.950000

   Estimation of response
   Conc mg/m3	 = 500.000000
   Minutes	 = 20.000000
   BW grams	 = 200.000000
   response   = 8.84e-006 percent
   LL-response   = 9.00e-009 percent
   UL-response   = 2.38e-003 percent


   Student t = 0.950000

   Estimation of ratio between regression coefficients
   Ratio between regression coefficients
   Conc mg/m3 and Minutes

   Ratio      =    -0.013769

   Confidence limits
     -0.591510     0.563972